<?xml version="1.0" encoding="UTF-8"?>
<!-- Generated by org.testng.reporters.JUnitReportReporter -->
<testsuite skipped="0" hostname="DESKTOP-RUD9UKL" name="com.testng.ParameterConceptTest" tests="1" failures="0" timestamp="08 Feb 2023 02:18:21 GMT" time="22.532" errors="0">
  <testcase name="orangelogin" time="22.532" classname="com.testng.ParameterConceptTest"/>
</testsuite> <!-- com.testng.ParameterConceptTest -->
