<?xml version="1.0" encoding="UTF-8"?>
<!-- Generated by org.testng.reporters.JUnitReportReporter -->
<testsuite skipped="0" hostname="DESKTOP-RUD9UKL" name="com.testng.DataproviderConceptTest" tests="2" failures="0" timestamp="09 Feb 2023 02:07:16 GMT" time="27.525" errors="0">
  <testcase name="orangelogin" time="16.332" classname="com.testng.DataproviderConceptTest"/>
  <testcase name="orangelogin" time="11.193" classname="com.testng.DataproviderConceptTest"/>
</testsuite> <!-- com.testng.DataproviderConceptTest -->
