<?xml version="1.0" encoding="UTF-8"?>
<!-- Generated by org.testng.reporters.JUnitReportReporter -->
<testsuite skipped="0" hostname="DESKTOP-RUD9UKL" name="com.testng.ExcelDataTest" tests="1" failures="0" timestamp="09 Feb 2023 02:26:04 GMT" time="1.095" errors="0">
  <testcase name="excel" time="1.095" classname="com.testng.ExcelDataTest"/>
</testsuite> <!-- com.testng.ExcelDataTest -->
