<?xml version="1.0" encoding="UTF-8"?>
<!-- Generated by org.testng.reporters.JUnitReportReporter -->
<testsuite skipped="0" hostname="DESKTOP-RUD9UKL" name="com.testng.SoftAssertTest" tests="1" failures="0" timestamp="08 Feb 2023 02:02:57 GMT" time="22.881" errors="0">
  <testcase name="login" time="22.881" classname="com.testng.SoftAssertTest"/>
</testsuite> <!-- com.testng.SoftAssertTest -->
