<?xml version="1.0" encoding="UTF-8"?>
<!-- Generated by org.testng.reporters.JUnitReportReporter -->
<testsuite skipped="0" hostname="DESKTOP-RUD9UKL" name="com.testng.ExecutionOrderTest" tests="1" failures="0" timestamp="03 Feb 2023 01:52:11 GMT" time="0.006" errors="0">
  <testcase name="one" time="0.006" classname="com.testng.ExecutionOrderTest"/>
</testsuite> <!-- com.testng.ExecutionOrderTest -->
