<?xml version="1.0" encoding="UTF-8"?>
<!-- Generated by org.testng.reporters.JUnitReportReporter -->
<testsuite skipped="0" hostname="DESKTOP-RUD9UKL" name="com.testng.FruitsTest" tests="4" failures="0" timestamp="03 Feb 2023 02:22:06 GMT" time="0.025" errors="0">
  <testcase name="guva" time="0.003" classname="com.testng.FruitsTest"/>
  <testcase name="banana" time="0.014" classname="com.testng.FruitsTest"/>
  <testcase name="jackfruit" time="0.004" classname="com.testng.FruitsTest"/>
  <testcase name="mango" time="0.004" classname="com.testng.FruitsTest"/>
</testsuite> <!-- com.testng.FruitsTest -->
