<?xml version="1.0" encoding="UTF-8"?>
<!-- Generated by org.testng.reporters.JUnitReportReporter -->
<testsuite skipped="0" hostname="DESKTOP-RUD9UKL" name="com.testng.LoginHRMWorkingWithExcel" tests="3" failures="0" timestamp="11 Feb 2023 02:00:12 GMT" time="72.143" errors="0">
  <testcase name="ihgLogin" time="18.700" classname="com.testng.LoginHRMWorkingWithExcel"/>
  <testcase name="ihgLogin" time="26.305" classname="com.testng.LoginHRMWorkingWithExcel"/>
  <testcase name="ihgLogin" time="27.138" classname="com.testng.LoginHRMWorkingWithExcel"/>
</testsuite> <!-- com.testng.LoginHRMWorkingWithExcel -->
