<?xml version="1.0" encoding="UTF-8"?>
<!-- Generated by org.testng.reporters.JUnitReportReporter -->
<testsuite skipped="0" hostname="DESKTOP-RUD9UKL" name="com.testng.ParameterConceptTest" tests="1" failures="0" timestamp="15 Feb 2023 01:45:27 GMT" time="28.310" errors="0">
  <testcase name="orangelogin" time="28.310" classname="com.testng.ParameterConceptTest"/>
</testsuite> <!-- com.testng.ParameterConceptTest -->
